c:\users\brandon\documents\github\aicoreenvironment\x64\release\aicored.lib
c:\users\brandon\documents\github\aicoreenvironment\x64\release\aicored.exp
c:\users\brandon\documents\github\aicoreenvironment\x64\release\aicored.ipdb
c:\users\brandon\documents\github\aicoreenvironment\x64\release\aicored.iobj
c:\users\brandon\documents\github\aicoreenvironment\aicored\x64\release\vc141.pdb
c:\users\brandon\documents\github\aicoreenvironment\aicored\x64\release\threadpruner.obj
c:\users\brandon\documents\github\aicoreenvironment\aicored\x64\release\stdafx.obj
c:\users\brandon\documents\github\aicoreenvironment\aicored\x64\release\state.obj
c:\users\brandon\documents\github\aicoreenvironment\aicored\x64\release\node.obj
c:\users\brandon\documents\github\aicoreenvironment\aicored\x64\release\evaluator.obj
c:\users\brandon\documents\github\aicoreenvironment\aicored\x64\release\board.obj
c:\users\brandon\documents\github\aicoreenvironment\aicored\x64\release\aicored.obj
c:\users\brandon\documents\github\aicoreenvironment\aicored\x64\release\dllmain.obj
c:\users\brandon\documents\github\aicoreenvironment\x64\release\aicored.dll
c:\users\brandon\documents\github\aicoreenvironment\x64\release\aicored.pdb
c:\users\brandon\documents\github\aicoreenvironment\aicored\x64\release\aicored.tlog\aicored.write.1u.tlog
c:\users\brandon\documents\github\aicoreenvironment\aicored\x64\release\aicored.tlog\cl.command.1.tlog
c:\users\brandon\documents\github\aicoreenvironment\aicored\x64\release\aicored.tlog\cl.read.1.tlog
c:\users\brandon\documents\github\aicoreenvironment\aicored\x64\release\aicored.tlog\cl.write.1.tlog
c:\users\brandon\documents\github\aicoreenvironment\aicored\x64\release\aicored.tlog\link.command.1.tlog
c:\users\brandon\documents\github\aicoreenvironment\aicored\x64\release\aicored.tlog\link.read.1.tlog
c:\users\brandon\documents\github\aicoreenvironment\aicored\x64\release\aicored.tlog\link.write.1.tlog
