c:\users\bemlaw\documents\visual studio 2017\projects\breakthroughbuilda2\gamecore\bin\debug\aicored.lib
c:\users\bemlaw\documents\visual studio 2017\projects\breakthroughbuilda2\gamecore\bin\debug\aicored.exp
c:\users\bemlaw\documents\visual studio 2017\projects\breakthroughbuilda2\aicored\debug\vc141.pdb
c:\users\bemlaw\documents\visual studio 2017\projects\breakthroughbuilda2\aicored\debug\vc141.idb
c:\users\bemlaw\documents\visual studio 2017\projects\breakthroughbuilda2\aicored\debug\aicored.obj
c:\users\bemlaw\documents\visual studio 2017\projects\breakthroughbuilda2\aicored\debug\board.obj
c:\users\bemlaw\documents\visual studio 2017\projects\breakthroughbuilda2\aicored\debug\node.obj
c:\users\bemlaw\documents\visual studio 2017\projects\breakthroughbuilda2\aicored\debug\state.obj
c:\users\bemlaw\documents\visual studio 2017\projects\breakthroughbuilda2\aicored\debug\stdafx.obj
c:\users\bemlaw\documents\visual studio 2017\projects\breakthroughbuilda2\aicored\debug\dllmain.obj
c:\users\bemlaw\documents\visual studio 2017\projects\breakthroughbuilda2\gamecore\bin\debug\aicored.ilk
c:\users\bemlaw\documents\visual studio 2017\projects\breakthroughbuilda2\gamecore\bin\debug\aicored.dll
c:\users\bemlaw\documents\visual studio 2017\projects\breakthroughbuilda2\gamecore\bin\debug\aicored.pdb
c:\users\bemlaw\documents\visual studio 2017\projects\breakthroughbuilda2\aicored\debug\aicored.tlog\aicored.write.1u.tlog
c:\users\bemlaw\documents\visual studio 2017\projects\breakthroughbuilda2\aicored\debug\aicored.tlog\cl.command.1.tlog
c:\users\bemlaw\documents\visual studio 2017\projects\breakthroughbuilda2\aicored\debug\aicored.tlog\cl.read.1.tlog
c:\users\bemlaw\documents\visual studio 2017\projects\breakthroughbuilda2\aicored\debug\aicored.tlog\cl.write.1.tlog
c:\users\bemlaw\documents\visual studio 2017\projects\breakthroughbuilda2\aicored\debug\aicored.tlog\link.command.1.tlog
c:\users\bemlaw\documents\visual studio 2017\projects\breakthroughbuilda2\aicored\debug\aicored.tlog\link.read.1.tlog
c:\users\bemlaw\documents\visual studio 2017\projects\breakthroughbuilda2\aicored\debug\aicored.tlog\link.write.1.tlog
