c:\users\brandon\documents\github\aicoreenvironment\x64\debug\aicored.lib
c:\users\brandon\documents\github\aicoreenvironment\x64\debug\aicored.exp
c:\users\brandon\documents\github\aicoreenvironment\aicored\x64\debug\vc141.pdb
c:\users\brandon\documents\github\aicoreenvironment\aicored\x64\debug\vc141.idb
c:\users\brandon\documents\github\aicoreenvironment\aicored\x64\debug\threadpruner.obj
c:\users\brandon\documents\github\aicoreenvironment\aicored\x64\debug\stdafx.obj
c:\users\brandon\documents\github\aicoreenvironment\aicored\x64\debug\state.obj
c:\users\brandon\documents\github\aicoreenvironment\aicored\x64\debug\node.obj
c:\users\brandon\documents\github\aicoreenvironment\aicored\x64\debug\evaluator.obj
c:\users\brandon\documents\github\aicoreenvironment\aicored\x64\debug\board.obj
c:\users\brandon\documents\github\aicoreenvironment\aicored\x64\debug\aicored.obj
c:\users\brandon\documents\github\aicoreenvironment\aicored\x64\debug\dllmain.obj
c:\users\brandon\documents\github\aicoreenvironment\x64\debug\aicored.ilk
c:\users\brandon\documents\github\aicoreenvironment\x64\debug\aicored.dll
c:\users\brandon\documents\github\aicoreenvironment\x64\debug\aicored.pdb
c:\users\brandon\documents\github\aicoreenvironment\aicored\x64\debug\aicored.tlog\aicored.write.1u.tlog
c:\users\brandon\documents\github\aicoreenvironment\aicored\x64\debug\aicored.tlog\cl.command.1.tlog
c:\users\brandon\documents\github\aicoreenvironment\aicored\x64\debug\aicored.tlog\cl.read.1.tlog
c:\users\brandon\documents\github\aicoreenvironment\aicored\x64\debug\aicored.tlog\cl.write.1.tlog
c:\users\brandon\documents\github\aicoreenvironment\aicored\x64\debug\aicored.tlog\link.command.1.tlog
c:\users\brandon\documents\github\aicoreenvironment\aicored\x64\debug\aicored.tlog\link.read.1.tlog
c:\users\brandon\documents\github\aicoreenvironment\aicored\x64\debug\aicored.tlog\link.write.1.tlog
